[2025-10-23T16:54:10.580+0000] {taskinstance.py:1159} INFO - Dependencies all met for dep_context=non-requeueable deps ti=<TaskInstance: ckan_data_etl.load scheduled__2024-10-10T00:00:00+00:00 [queued]>
[2025-10-23T16:54:10.592+0000] {taskinstance.py:1159} INFO - Dependencies all met for dep_context=requeueable deps ti=<TaskInstance: ckan_data_etl.load scheduled__2024-10-10T00:00:00+00:00 [queued]>
[2025-10-23T16:54:10.592+0000] {taskinstance.py:1361} INFO - Starting attempt 1 of 2
[2025-10-23T16:54:10.609+0000] {taskinstance.py:1382} INFO - Executing <Task(PythonOperator): load> on 2024-10-10 00:00:00+00:00
[2025-10-23T16:54:10.621+0000] {standard_task_runner.py:57} INFO - Started process 755 to run task
[2025-10-23T16:54:10.627+0000] {standard_task_runner.py:84} INFO - Running: ['***', 'tasks', 'run', 'ckan_data_etl', 'load', 'scheduled__2024-10-10T00:00:00+00:00', '--job-id', '672', '--raw', '--subdir', 'DAGS_FOLDER/crypto_etl_dag.py', '--cfg-path', '/tmp/tmpu7_fd4la']
[2025-10-23T16:54:10.629+0000] {standard_task_runner.py:85} INFO - Job 672: Subtask load
[2025-10-23T16:54:10.728+0000] {task_command.py:416} INFO - Running <TaskInstance: ckan_data_etl.load scheduled__2024-10-10T00:00:00+00:00 [running]> on host 056dd0d0c4ba
[2025-10-23T16:54:10.869+0000] {taskinstance.py:1662} INFO - Exporting env vars: AIRFLOW_CTX_DAG_OWNER='***' AIRFLOW_CTX_DAG_ID='ckan_data_etl' AIRFLOW_CTX_TASK_ID='load' AIRFLOW_CTX_EXECUTION_DATE='2024-10-10T00:00:00+00:00' AIRFLOW_CTX_TRY_NUMBER='1' AIRFLOW_CTX_DAG_RUN_ID='scheduled__2024-10-10T00:00:00+00:00'
[2025-10-23T16:54:10.881+0000] {taskinstance.py:1937} ERROR - Task failed with exception
Traceback (most recent call last):
  File "/home/airflow/.local/lib/python3.8/site-packages/airflow/operators/python.py", line 192, in execute
    return_value = self.execute_callable()
  File "/home/airflow/.local/lib/python3.8/site-packages/airflow/operators/python.py", line 209, in execute_callable
    return self.python_callable(*self.op_args, **self.op_kwargs)
  File "/opt/airflow/dags/crypto_etl_dag.py", line 37, in load_to_db
    df = pd.read_csv(data_path)
  File "/home/airflow/.local/lib/python3.8/site-packages/pandas/io/parsers/readers.py", line 912, in read_csv
    return _read(filepath_or_buffer, kwds)
  File "/home/airflow/.local/lib/python3.8/site-packages/pandas/io/parsers/readers.py", line 577, in _read
    parser = TextFileReader(filepath_or_buffer, **kwds)
  File "/home/airflow/.local/lib/python3.8/site-packages/pandas/io/parsers/readers.py", line 1407, in __init__
    self._engine = self._make_engine(f, self.engine)
  File "/home/airflow/.local/lib/python3.8/site-packages/pandas/io/parsers/readers.py", line 1679, in _make_engine
    return mapping[engine](f, **self.options)
  File "/home/airflow/.local/lib/python3.8/site-packages/pandas/io/parsers/c_parser_wrapper.py", line 93, in __init__
    self._reader = parsers.TextReader(src, **kwds)
  File "pandas/_libs/parsers.pyx", line 557, in pandas._libs.parsers.TextReader.__cinit__
pandas.errors.EmptyDataError: No columns to parse from file
[2025-10-23T16:54:10.897+0000] {taskinstance.py:1400} INFO - Marking task as UP_FOR_RETRY. dag_id=ckan_data_etl, task_id=load, execution_date=20241010T000000, start_date=20251023T165410, end_date=20251023T165410
[2025-10-23T16:54:10.917+0000] {standard_task_runner.py:104} ERROR - Failed to execute job 672 for task load (No columns to parse from file; 755)
[2025-10-23T16:54:10.960+0000] {local_task_job_runner.py:228} INFO - Task exited with return code 1
[2025-10-23T16:54:11.157+0000] {taskinstance.py:2778} INFO - 0 downstream tasks scheduled from follow-on schedule check
